<?xml version="1.0" encoding="UTF-8"?>
<!-- Generated by org.testng.reporters.JUnitReportReporter -->
<testsuite hostname="itsMine" failures="0" tests="4" name="com.example.api.ApiTest" time="2.381" errors="0" timestamp="2024-12-01T17:32:17 EST" skipped="0">
  <testcase classname="com.example.api.ApiTest" name="testAllPosts" time="1.484"/>
  <system-out/>
  <testcase classname="com.example.api.ApiTest" name="testGetRequest" time="0.107"/>
  <system-out/>
  <testcase classname="com.example.api.ApiTest" name="testGetRequestImproved" time="0.109"/>
  <system-out/>
  <testcase classname="com.example.api.ApiTest" name="testPostRequest" time="0.681"/>
  <system-out/>
</testsuite> <!-- com.example.api.ApiTest -->
